2014-11-18 17:42:31,312 [ERROR] (MarkovChain.java:59) - 
java.lang.NullPointerException
	at com.al.markovchain.MarkovChain.transform(MarkovChain.java:45)
	at com.al.markovchain.MarkovChain.main(MarkovChain.java:72)
2014-11-18 17:50:59,375 [ERROR] (MarkovChain.java:64) - 
java.lang.NullPointerException
	at com.al.markovchain.MarkovChain.transform(MarkovChain.java:43)
	at com.al.markovchain.MarkovChain.main(MarkovChain.java:77)
2014-11-18 17:52:07,364 [ERROR] (MarkovChain.java:69) - 
java.lang.NullPointerException
	at com.al.markovchain.MarkovChain.transform(MarkovChain.java:48)
	at com.al.markovchain.MarkovChain.main(MarkovChain.java:82)
2014-11-18 17:52:32,716 [ERROR] (MarkovChain.java:69) - 
java.lang.NullPointerException
	at com.al.markovchain.MarkovChain.transform(MarkovChain.java:48)
	at com.al.markovchain.MarkovChain.main(MarkovChain.java:82)
2014-11-18 17:53:01,765 [ERROR] (MarkovChain.java:69) - 
java.lang.NullPointerException
	at com.al.markovchain.MarkovChain.transform(MarkovChain.java:48)
	at com.al.markovchain.MarkovChain.main(MarkovChain.java:82)
2014-11-18 17:55:49,886 [ERROR] (MarkovChain.java:69) - 
java.lang.NullPointerException
	at com.al.markovchain.MarkovChain.transform(MarkovChain.java:48)
	at com.al.markovchain.MarkovChain.main(MarkovChain.java:82)
2014-11-18 19:13:26,761 [ERROR] (MarkovChain.java:68) - 
java.lang.NullPointerException
	at com.al.markovchain.MarkovChain.transform(MarkovChain.java:48)
	at com.al.markovchain.MarkovChain.main(MarkovChain.java:81)
2014-11-18 20:45:34,620 [ERROR] (MarkovChain.java:69) - 
java.lang.NullPointerException
	at com.al.markovchain.ds.Chain.generate(Chain.java:35)
	at com.al.markovchain.MarkovChain.transform(MarkovChain.java:65)
	at com.al.markovchain.MarkovChain.main(MarkovChain.java:82)
